2015-03-18 05:00:51,383 INFO start python job (copy.py)
2015-03-18 05:00:51,903 INFO start python job (copy.py)
2015-03-18 05:02:07,053 INFO start python job (copy.py)
2015-03-18 05:02:07,125 INFO copy src path= /vagrant/Rails/myhelper//public/uploads/order/images/25/origin/, exist?: False
2015-03-18 05:02:07,125 INFO copy dst path= /vagrant/Rails/myhelper//public/uploads/order/images/25/modified/
2015-03-18 05:02:30,639 INFO start python job (copy.py)
2015-03-18 05:02:30,691 INFO copy src path= /vagrant/Rails/myhelper//public/uploads/order/images/25/origin/, exist?: False
2015-03-18 05:02:30,691 INFO copy dst path= /vagrant/Rails/myhelper//public/uploads/order/images/25/modified/
2015-03-18 05:06:00,374 INFO start python job (copy.py)
2015-03-18 05:06:00,426 INFO copy src path= /vagrant/Rails/myhelper//public/uploads/order/images/25/original/, exist?: True
2015-03-18 05:06:00,426 INFO copy dst path= /vagrant/Rails/myhelper//public/uploads/order/images/25/modified/
2015-03-18 09:33:04,094 INFO start python job (copy.py)
2015-03-18 09:33:05,053 INFO copy src path= /vagrant/Rails/myhelper//public/uploads/order/images/25/original/, exist?: True
2015-03-18 09:33:05,054 INFO copy dst path= /vagrant/Rails/myhelper//public/uploads/order/images/25/modified/
2015-03-18 09:34:24,852 INFO start python job (copy.py)
2015-03-18 09:34:25,809 INFO copy src path= /vagrant/Rails/myhelper//public/uploads/order/images/25/original/, exist?: True
2015-03-18 09:34:25,809 INFO copy dst path= /vagrant/Rails/myhelper//public/uploads/order/images/25/modified/
2015-03-18 09:46:52,634 INFO start python job (copy.py)
2015-03-18 09:46:57,619 INFO copy src path= /vagrant/Rails/myhelper//public/uploads/order/images/python/original/, exist?: False
2015-03-18 09:46:57,619 INFO copy dst path= /vagrant/Rails/myhelper//public/uploads/order/images/python/modified/
2015-03-18 09:47:03,691 INFO start python job (copy.py)
2015-03-18 09:47:23,065 INFO start python job (copy.py)
2015-03-18 09:49:37,961 INFO start python job (copy.py)
2015-03-18 09:58:34,570 INFO start python job (copy.py)
2015-03-18 10:04:53,477 INFO start python job (copy.py)
2015-03-18 10:08:35,070 INFO start python job (copy.py)
2015-03-18 10:35:43,154 INFO start python job (copy.py)
2015-03-18 10:35:45,465 INFO copy src path= /vagrant/Rails/myhelper//public/uploads/order/images/30/original/, exist?: True
2015-03-18 10:35:45,466 INFO copy dst path= /vagrant/Rails/myhelper//public/uploads/order/images/30/modified/
2015-03-18 10:55:13,582 INFO start python job (copy.py)
2015-03-18 10:55:23,643 INFO copy src path= /vagrant/Rails/myhelper//public/uploads/order/images/30/original/, exist?: True
2015-03-18 10:55:23,645 INFO copy dst path= /vagrant/Rails/myhelper//public/uploads/order/images/30/modified/
2015-03-18 10:56:30,230 INFO start python job (copy.py)
2015-03-18 10:56:34,831 INFO copy src path= /vagrant/Rails/myhelper//public/uploads/order/images/39/original/, exist?: True
2015-03-18 10:56:34,832 INFO copy dst path= /vagrant/Rails/myhelper//public/uploads/order/images/39/modified/
